2025-06-03 22:39:12,738 - INFO - Printing list item 
2025-06-03 22:39:12,738 - INFO - list is [1, 2, 3, 4, 5]
2025-06-03 22:39:16,979 - INFO - {3}
2025-06-03 22:40:18,869 - INFO - Printing list item 
2025-06-03 22:40:18,869 - INFO - list is [1, 2, 3, 4, 5]
2025-06-03 22:40:21,282 - ERROR - list index out of range
2025-06-03 22:45:21,869 - INFO - Function to add numbers
2025-06-03 22:45:21,869 - INFO - add 3 to as
2025-06-03 22:45:21,869 - INFO - Value Error occurs
2025-06-03 22:45:21,869 - ERROR - unsupported operand type(s) for +: 'int' and 'str'
2025-06-03 22:47:13,265 - INFO - Function to divide numbers
2025-06-03 22:47:13,265 - INFO - divide 6 to 0
2025-06-03 22:47:13,266 - INFO - Zero Division Error occurs
2025-06-03 22:47:13,266 - ERROR - division by zero
2025-06-03 22:48:07,153 - INFO - Function to divide numbers
2025-06-03 22:48:07,154 - INFO - divide 6 to 2
2025-06-03 22:48:07,154 - INFO - answer is 3.0
2025-06-03 22:51:40,384 - INFO - Function to multiply numbers
2025-06-03 22:51:40,384 - INFO - TypeError
2025-06-03 22:51:40,384 - ERROR - name 'a' is not defined
2025-06-03 22:52:24,090 - INFO - Function to multiply numbers
2025-06-03 22:52:24,090 - INFO - multiply s to d
2025-06-03 22:52:24,090 - INFO - TypeError
2025-06-03 22:52:24,090 - ERROR - can't multiply sequence by non-int of type 'str'
2025-06-03 22:53:31,880 - INFO - Function to multiply numbers
2025-06-03 22:53:31,881 - INFO - multiply 5 to 6
2025-06-03 22:53:31,882 - INFO - answer is 30
2025-06-03 22:55:20,930 - INFO - opening file in read mode
2025-06-03 22:55:20,930 - INFO - FileNotFoundError
2025-06-03 22:55:20,930 - ERROR - [Errno 2] No such file or directory: 'gau.txt'
2025-06-03 22:55:29,607 - INFO - opening file in read mode
2025-06-03 22:55:29,607 - INFO - FileNotFoundError
2025-06-03 22:55:29,607 - ERROR - [Errno 2] No such file or directory: 'gau.txt'
2025-06-03 22:55:29,607 - INFO - Done!
